#
# There is insufficient memory for the Java Runtime Environment to continue.
# Native memory allocation (malloc) failed to allocate 1347856 bytes for Chunk::new
# Possible reasons:
#   The system is out of physical RAM or swap space
#   The process is running with CompressedOops enabled, and the Java Heap may be blocking the growth of the native heap
# Possible solutions:
#   Reduce memory load on the system
#   Increase physical memory or swap space
#   Check if swap backing store is full
#   Decrease Java heap size (-Xmx/-Xms)
#   Decrease number of Java threads
#   Decrease Java thread stack sizes (-Xss)
#   Set larger code cache with -XX:ReservedCodeCacheSize=
#   JVM is running with Unscaled Compressed Oops mode in which the Java heap is
#     placed in the first 4GB address space. The Java Heap base address is the
#     maximum limit for the native heap growth. Please use -XX:HeapBaseMinAddress
#     to set the Java Heap base and to place the Java Heap above 4GB virtual address.
# This output file may be truncated or incomplete.
#
#  Out of Memory Error (allocation.cpp:389), pid=9080, tid=0x0000000000000710
#
# JRE version: OpenJDK Runtime Environment (8.0_202-b03) (build 1.8.0_202-release-1483-b03)
# Java VM: OpenJDK 64-Bit Server VM (25.202-b03 mixed mode windows-amd64 compressed oops)
# Failed to write core dump. Minidumps are not enabled by default on client versions of Windows
#

---------------  T H R E A D  ---------------

Current thread (0x000000001661c000):  JavaThread "C2 CompilerThread1" daemon [_thread_in_native, id=1808, stack(0x0000000017d20000,0x0000000017e20000)]

Stack: [0x0000000017d20000,0x0000000017e20000]
[error occurred during error reporting (printing stack bounds), id 0xc0000005]

Native frames: (J=compiled Java code, j=interpreted, Vv=VM code, C=native code)


Current CompileTask:
C2:13945718 29969       4       com.android.tools.r8.ir.regalloc.LinearScanRegisterAllocator::a (3743 bytes)


---------------  P R O C E S S  ---------------

Java Threads: ( => current thread )
  0x00000000186ad800 JavaThread "stdout" [_thread_in_native, id=8532, stack(0x00000000563c0000,0x00000000564c0000)]
  0x00000000186ad000 JavaThread "stderr" [_thread_in_native, id=6512, stack(0x00000000562c0000,0x00000000563c0000)]
  0x00000000186a4000 JavaThread "pool-52-thread-1" [_thread_blocked, id=4404, stack(0x00000000561c0000,0x00000000562c0000)]
  0x00000000186a9000 JavaThread "WorkerExecutor Queue Thread 2" [_thread_blocked, id=8516, stack(0x00000000560c0000,0x00000000561c0000)]
  0x00000000186a8800 JavaThread "WorkerExecutor Queue" [_thread_blocked, id=8252, stack(0x0000000055fc0000,0x00000000560c0000)]
  0x00000000186a7800 JavaThread "Cache worker for execution history cache (C:\Users\Java\AndroidStudioProjects\BykeProject\.gradle\5.4.1\executionHistory)" [_thread_blocked, id=11476, stack(0x0000000055ec0000,0x0000000055fc0000)]
  0x00000000186a6000 JavaThread "Execution worker for ':' Thread 3" [_thread_in_native, id=11396, stack(0x0000000055dc0000,0x0000000055ec0000)]
  0x00000000186a5800 JavaThread "Execution worker for ':' Thread 2" [_thread_in_Java, id=2360, stack(0x0000000055cc0000,0x0000000055dc0000)]
  0x00000000186a4800 JavaThread "Execution worker for ':'" [_thread_in_native, id=1788, stack(0x0000000055bc0000,0x0000000055cc0000)]
  0x00000000186a7000 JavaThread "Cache worker for file content cache (C:\Users\Java\AndroidStudioProjects\BykeProject\.gradle\5.4.1\fileContent)" [_thread_blocked, id=12616, stack(0x0000000055ac0000,0x0000000055bc0000)]
  0x00000000186aa800 JavaThread "Cache worker for Build Output Cleanup Cache (C:\Users\Java\AndroidStudioProjects\BykeProject\.gradle\buildOutputCleanup)" [_thread_blocked, id=6520, stack(0x00000000559c0000,0x0000000055ac0000)]
  0x00000000186aa000 JavaThread "pool-51-thread-1" [_thread_blocked, id=3316, stack(0x00000000558c0000,0x00000000559c0000)]
  0x000000001c162000 JavaThread "Build operations Thread 4" [_thread_blocked, id=3788, stack(0x00000000557c0000,0x00000000558c0000)]
  0x000000001c15f800 JavaThread "Build operations Thread 3" [_thread_blocked, id=9856, stack(0x00000000556c0000,0x00000000557c0000)]
  0x000000001c15f000 JavaThread "Build operations Thread 2" [_thread_blocked, id=11308, stack(0x00000000555c0000,0x00000000556c0000)]
  0x000000001c165800 JavaThread "Build operations" [_thread_blocked, id=10544, stack(0x00000000554c0000,0x00000000555c0000)]
  0x000000001c163800 JavaThread "Cache worker for cache directory md-rule (C:\Users\Java\.gradle\caches\5.4.1\md-rule)" [_thread_blocked, id=2072, stack(0x00000000553c0000,0x00000000554c0000)]
  0x000000001c164000 JavaThread "Cache worker for cache directory md-supplier (C:\Users\Java\.gradle\caches\5.4.1\md-supplier)" [_thread_blocked, id=9664, stack(0x00000000552c0000,0x00000000553c0000)]
  0x000000001c157800 JavaThread "Cache worker for file hash cache (C:\Users\Java\AndroidStudioProjects\BykeProject\.gradle\5.4.1\fileHashes)" [_thread_blocked, id=4516, stack(0x00000000551c0000,0x00000000552c0000)]
  0x000000001c159000 JavaThread "Thread-625" [_thread_blocked, id=11268, stack(0x00000000550c0000,0x00000000551c0000)]
  0x000000001c15c800 JavaThread "Stdin handler" [_thread_blocked, id=12388, stack(0x0000000054fc0000,0x00000000550c0000)]
  0x000000001c15c000 JavaThread "Asynchronous log dispatcher for DefaultDaemonConnection: socket connection from /127.0.0.1:55193 to /127.0.0.1:58017" [_thread_blocked, id=7080, stack(0x0000000054ec0000,0x0000000054fc0000)]
  0x000000001c15e000 JavaThread "Daemon worker Thread 21" [_thread_in_Java, id=10828, stack(0x0000000054dc0000,0x0000000054ec0000)]
  0x000000001c15b000 JavaThread "Cancel handler" [_thread_blocked, id=11152, stack(0x0000000054cc0000,0x0000000054dc0000)]
  0x000000001c15a800 JavaThread "Handler for socket connection from /127.0.0.1:55193 to /127.0.0.1:58017" [_thread_in_native, id=10500, stack(0x0000000054bc0000,0x0000000054cc0000)]
  0x000000001c159800 JavaThread "Daemon Thread 21" [_thread_blocked, id=8988, stack(0x0000000054ac0000,0x0000000054bc0000)]
  0x000000001c82b000 JavaThread "Cache worker for Java compile cache (C:\Users\Java\.gradle\caches\5.4.1\javaCompile)" [_thread_blocked, id=7876, stack(0x00000000265c0000,0x00000000266c0000)]
  0x000000001b5a4800 JavaThread "Cache worker for file content cache (C:\Users\Java\.gradle\caches\5.4.1\fileContent)" [_thread_blocked, id=2148, stack(0x0000000025fc0000,0x00000000260c0000)]
  0x000000001b5a3000 JavaThread "Memory manager" [_thread_blocked, id=2008, stack(0x00000000236f0000,0x00000000237f0000)]
  0x000000001b59f000 JavaThread "Cache worker for execution history cache (C:\Users\Java\.gradle\caches\5.4.1\executionHistory)" [_thread_blocked, id=2424, stack(0x0000000020010000,0x0000000020110000)]
  0x0000000019096800 JavaThread "Cache worker for journal cache (C:\Users\Java\.gradle\caches\journal-1)" [_thread_blocked, id=5252, stack(0x000000001b170000,0x000000001b270000)]
  0x0000000019092000 JavaThread "File lock request listener" [_thread_in_native, id=9492, stack(0x000000001b070000,0x000000001b170000)]
  0x0000000019099000 JavaThread "Cache worker for file hash cache (C:\Users\Java\.gradle\caches\5.4.1\fileHashes)" [_thread_blocked, id=11576, stack(0x000000001af70000,0x000000001b070000)]
  0x00000000181d4800 JavaThread "Daemon periodic checks" [_thread_blocked, id=8680, stack(0x000000001a570000,0x000000001a670000)]
  0x0000000018661800 JavaThread "Incoming local TCP Connector on port 55193" [_thread_in_native, id=12896, stack(0x000000001a330000,0x000000001a430000)]
  0x000000001991c800 JavaThread "Daemon health stats" [_thread_blocked, id=512, stack(0x0000000019cf0000,0x0000000019df0000)]
  0x0000000017e22800 JavaThread "Service Thread" daemon [_thread_blocked, id=6168, stack(0x0000000018320000,0x0000000018420000)]
  0x0000000017e20800 JavaThread "C1 CompilerThread2" daemon [_thread_blocked, id=7208, stack(0x0000000018220000,0x0000000018320000)]
=>0x000000001661c000 JavaThread "C2 CompilerThread1" daemon [_thread_in_native, id=1808, stack(0x0000000017d20000,0x0000000017e20000)]
  0x00000000165c9000 JavaThread "C2 CompilerThread0" daemon [_thread_in_native, id=9440, stack(0x0000000017c20000,0x0000000017d20000)]
  0x00000000165c8000 JavaThread "Attach Listener" daemon [_thread_blocked, id=4704, stack(0x0000000017b20000,0x0000000017c20000)]
  0x00000000165c7000 JavaThread "Signal Dispatcher" daemon [_thread_blocked, id=3960, stack(0x0000000017a20000,0x0000000017b20000)]
  0x00000000165a8800 JavaThread "Finalizer" daemon [_thread_blocked, id=3040, stack(0x0000000017820000,0x0000000017920000)]
  0x0000000002c43000 JavaThread "Reference Handler" daemon [_thread_blocked, id=9820, stack(0x0000000017720000,0x0000000017820000)]
  0x000000000112e000 JavaThread "main" [_thread_blocked, id=12368, stack(0x0000000002a50000,0x0000000002b50000)]

Other Threads:
  0x0000000016586000 VMThread [stack: 0x0000000017620000,0x0000000017720000] [id=10892]
  0x0000000017e23800 WatcherThread [stack: 0x0000000018420000,0x0000000018520000] [id=5236]

VM state:not at safepoint (normal execution)

VM Mutex/Monitor currently owned by a thread: None

heap address: 0x00000000a0000000, size: 1536 MB, Compressed Oops mode: 32-bit
Narrow klass base: 0x0000000000000000, Narrow klass shift: 3
Compressed class space size: 1073741824 Address: 0x0000000100000000

Heap:
 PSYoungGen      total 372736K, used 151053K [0x00000000e0000000, 0x00000000fc000000, 0x0000000100000000)
  eden space 320000K, 36% used [0x00000000e0000000,0x00000000e7318420,0x00000000f3880000)
  from space 52736K, 62% used [0x00000000f3880000,0x00000000f58eb3d0,0x00000000f6c00000)
  to   space 48640K, 0% used [0x00000000f9080000,0x00000000f9080000,0x00000000fc000000)
 ParOldGen       total 167936K, used 60801K [0x00000000a0000000, 0x00000000aa400000, 0x00000000e0000000)
  object space 167936K, 36% used [0x00000000a0000000,0x00000000a3b60640,0x00000000aa400000)
 Metaspace       used 105799K, capacity 113828K, committed 114008K, reserved 1148928K
  class space    used 13283K, capacity 14616K, committed 14720K, reserved 1048576K

Card table byte_map: [0x0000000012010000,0x0000000012320000] byte_map_base: 0x0000000011b10000

Marking Bits: (ParMarkBitMap*) 0x000000006de99f30
 Begin Bits: [0x0000000012920000, 0x0000000014120000)
 End Bits:   [0x0000000014120000, 0x0000000015920000)

Polling page: 0x0000000001190000

CodeCache: size=245760Kb used=82151Kb max_used=82384Kb free=163608Kb
 bounds [0x0000000002c50000, 0x0000000007d60000, 0x0000000011c50000]
 total_blobs=23267 nmethods=22351 adapters=827
 compilation: enabled

Compilation events (10 events):
Event: 13945.571 Thread 0x0000000017e20800 29984       3       com.android.tools.r8.ir.optimize.CodeRewriter::d (42 bytes)
Event: 13945.572 Thread 0x0000000017e20800 nmethod 29984 0x00000000069c10d0 code [0x00000000069c1300, 0x00000000069c1fa8]
Event: 13945.603 Thread 0x0000000017e20800 29985       1       com.android.tools.r8.m.a.a.b.G2::size (2 bytes)
Event: 13945.604 Thread 0x0000000017e20800 nmethod 29985 0x000000000403f010 code [0x000000000403f160, 0x000000000403f270]
Event: 13945.605 Thread 0x0000000017e20800 29986       3       com.android.tools.r8.ir.regalloc.LinearScanRegisterAllocator::a (544 bytes)
Event: 13945.607 Thread 0x0000000017e20800 nmethod 29986 0x0000000006dbcf90 code [0x0000000006dbd480, 0x0000000006dc0158]
Event: 13945.607 Thread 0x0000000017e20800 29987 %     3       com.android.tools.r8.ir.regalloc.LinearScanRegisterAllocator::g @ 11 (67 bytes)
Event: 13945.608 Thread 0x0000000017e20800 nmethod 29987% 0x0000000003e8e3d0 code [0x0000000003e8e680, 0x0000000003e8f8c8]
Event: 13945.608 Thread 0x0000000017e20800 29988       2       com.android.tools.r8.ir.regalloc.LinearScanRegisterAllocator::c (188 bytes)
Event: 13945.609 Thread 0x0000000017e20800 nmethod 29988 0x0000000006dbbad0 code [0x0000000006dbbd20, 0x0000000006dbc6e8]

GC Heap History (10 events):
Event: 13940.995 GC heap before
{Heap before GC invocations=53 (full 4):
 PSYoungGen      total 339968K, used 330678K [0x00000000e0000000, 0x00000000f8000000, 0x0000000100000000)
  eden space 290816K, 100% used [0x00000000e0000000,0x00000000f1c00000,0x00000000f1c00000)
  from space 49152K, 81% used [0x00000000f4e00000,0x00000000f74eda08,0x00000000f7e00000)
  to   space 51200K, 0% used [0x00000000f1c00000,0x00000000f1c00000,0x00000000f4e00000)
 ParOldGen       total 167936K, used 50214K [0x00000000a0000000, 0x00000000aa400000, 0x00000000e0000000)
  object space 167936K, 29% used [0x00000000a0000000,0x00000000a3109b30,0x00000000aa400000)
 Metaspace       used 105664K, capacity 113706K, committed 114008K, reserved 1148928K
  class space    used 13278K, capacity 14609K, committed 14720K, reserved 1048576K
Event: 13941.073 GC heap after
Heap after GC invocations=53 (full 4):
 PSYoungGen      total 342016K, used 39279K [0x00000000e0000000, 0x00000000f9f80000, 0x0000000100000000)
  eden space 290816K, 0% used [0x00000000e0000000,0x00000000e0000000,0x00000000f1c00000)
  from space 51200K, 76% used [0x00000000f1c00000,0x00000000f425bc88,0x00000000f4e00000)
  to   space 52736K, 0% used [0x00000000f6c00000,0x00000000f6c00000,0x00000000f9f80000)
 ParOldGen       total 167936K, used 54158K [0x00000000a0000000, 0x00000000aa400000, 0x00000000e0000000)
  object space 167936K, 32% used [0x00000000a0000000,0x00000000a34e3b50,0x00000000aa400000)
 Metaspace       used 105664K, capacity 113706K, committed 114008K, reserved 1148928K
  class space    used 13278K, capacity 14609K, committed 14720K, reserved 1048576K
}
Event: 13941.922 GC heap before
{Heap before GC invocations=54 (full 4):
 PSYoungGen      total 342016K, used 330095K [0x00000000e0000000, 0x00000000f9f80000, 0x0000000100000000)
  eden space 290816K, 100% used [0x00000000e0000000,0x00000000f1c00000,0x00000000f1c00000)
  from space 51200K, 76% used [0x00000000f1c00000,0x00000000f425bc88,0x00000000f4e00000)
  to   space 52736K, 0% used [0x00000000f6c00000,0x00000000f6c00000,0x00000000f9f80000)
 ParOldGen       total 167936K, used 54158K [0x00000000a0000000, 0x00000000aa400000, 0x00000000e0000000)
  object space 167936K, 32% used [0x00000000a0000000,0x00000000a34e3b50,0x00000000aa400000)
 Metaspace       used 105695K, capacity 113710K, committed 114008K, reserved 1148928K
  class space    used 13278K, capacity 14609K, committed 14720K, reserved 1048576K
Event: 13941.991 GC heap after
Heap after GC invocations=54 (full 4):
 PSYoungGen      total 372736K, used 36529K [0x00000000e0000000, 0x00000000fa600000, 0x0000000100000000)
  eden space 320000K, 0% used [0x00000000e0000000,0x00000000e0000000,0x00000000f3880000)
  from space 52736K, 69% used [0x00000000f6c00000,0x00000000f8fac680,0x00000000f9f80000)
  to   space 52736K, 0% used [0x00000000f3880000,0x00000000f3880000,0x00000000f6c00000)
 ParOldGen       total 167936K, used 54433K [0x00000000a0000000, 0x00000000aa400000, 0x00000000e0000000)
  object space 167936K, 32% used [0x00000000a0000000,0x00000000a35286c8,0x00000000aa400000)
 Metaspace       used 105695K, capacity 113710K, committed 114008K, reserved 1148928K
  class space    used 13278K, capacity 14609K, committed 14720K, reserved 1048576K
}
Event: 13942.810 GC heap before
{Heap before GC invocations=55 (full 4):
 PSYoungGen      total 372736K, used 356529K [0x00000000e0000000, 0x00000000fa600000, 0x0000000100000000)
  eden space 320000K, 100% used [0x00000000e0000000,0x00000000f3880000,0x00000000f3880000)
  from space 52736K, 69% used [0x00000000f6c00000,0x00000000f8fac680,0x00000000f9f80000)
  to   space 52736K, 0% used [0x00000000f3880000,0x00000000f3880000,0x00000000f6c00000)
 ParOldGen       total 167936K, used 54433K [0x00000000a0000000, 0x00000000aa400000, 0x00000000e0000000)
  object space 167936K, 32% used [0x00000000a0000000,0x00000000a35286c8,0x00000000aa400000)
 Metaspace       used 105722K, capacity 113796K, committed 114008K, reserved 1148928K
  class space    used 13281K, capacity 14612K, committed 14720K, reserved 1048576K
Event: 13942.869 GC heap after
Heap after GC invocations=55 (full 4):
 PSYoungGen      total 372736K, used 34381K [0x00000000e0000000, 0x00000000fa600000, 0x0000000100000000)
  eden space 320000K, 0% used [0x00000000e0000000,0x00000000e0000000,0x00000000f3880000)
  from space 52736K, 65% used [0x00000000f3880000,0x00000000f5a134e8,0x00000000f6c00000)
  to   space 52736K, 0% used [0x00000000f6c00000,0x00000000f6c00000,0x00000000f9f80000)
 ParOldGen       total 167936K, used 55221K [0x00000000a0000000, 0x00000000aa400000, 0x00000000e0000000)
  object space 167936K, 32% used [0x00000000a0000000,0x00000000a35ed6d8,0x00000000aa400000)
 Metaspace       used 105722K, capacity 113796K, committed 114008K, reserved 1148928K
  class space    used 13281K, capacity 14612K, committed 14720K, reserved 1048576K
}
Event: 13944.269 GC heap before
{Heap before GC invocations=56 (full 4):
 PSYoungGen      total 372736K, used 354381K [0x00000000e0000000, 0x00000000fa600000, 0x0000000100000000)
  eden space 320000K, 100% used [0x00000000e0000000,0x00000000f3880000,0x00000000f3880000)
  from space 52736K, 65% used [0x00000000f3880000,0x00000000f5a134e8,0x00000000f6c00000)
  to   space 52736K, 0% used [0x00000000f6c00000,0x00000000f6c00000,0x00000000f9f80000)
 ParOldGen       total 167936K, used 55221K [0x00000000a0000000, 0x00000000aa400000, 0x00000000e0000000)
  object space 167936K, 32% used [0x00000000a0000000,0x00000000a35ed6d8,0x00000000aa400000)
 Metaspace       used 105762K, capacity 113820K, committed 114008K, reserved 1148928K
  class space    used 13283K, capacity 14616K, committed 14720K, reserved 1048576K
Event: 13944.323 GC heap after
Heap after GC invocations=56 (full 4):
 PSYoungGen      total 372736K, used 30925K [0x00000000e0000000, 0x00000000fa600000, 0x0000000100000000)
  eden space 320000K, 0% used [0x00000000e0000000,0x00000000e0000000,0x00000000f3880000)
  from space 52736K, 58% used [0x00000000f6c00000,0x00000000f8a33400,0x00000000f9f80000)
  to   space 52736K, 0% used [0x00000000f3880000,0x00000000f3880000,0x00000000f6c00000)
 ParOldGen       total 167936K, used 56442K [0x00000000a0000000, 0x00000000aa400000, 0x00000000e0000000)
  object space 167936K, 33% used [0x00000000a0000000,0x00000000a371e818,0x00000000aa400000)
 Metaspace       used 105762K, capacity 113820K, committed 114008K, reserved 1148928K
  class space    used 13283K, capacity 14616K, committed 14720K, reserved 1048576K
}
Event: 13945.418 GC heap before
{Heap before GC invocations=57 (full 4):
 PSYoungGen      total 372736K, used 350925K [0x00000000e0000000, 0x00000000fa600000, 0x0000000100000000)
  eden space 320000K, 100% used [0x00000000e0000000,0x00000000f3880000,0x00000000f3880000)
  from space 52736K, 58% used [0x00000000f6c00000,0x00000000f8a33400,0x00000000f9f80000)
  to   space 52736K, 0% used [0x00000000f3880000,0x00000000f3880000,0x00000000f6c00000)
 ParOldGen       total 167936K, used 56442K [0x00000000a0000000, 0x00000000aa400000, 0x00000000e0000000)
  object space 167936K, 33% used [0x00000000a0000000,0x00000000a371e818,0x00000000aa400000)
 Metaspace       used 105796K, capacity 113828K, committed 114008K, reserved 1148928K
  class space    used 13283K, capacity 14616K, committed 14720K, reserved 1048576K
Event: 13945.463 GC heap after
Heap after GC invocations=57 (full 4):
 PSYoungGen      total 372736K, used 33196K [0x00000000e0000000, 0x00000000fc000000, 0x0000000100000000)
  eden space 320000K, 0% used [0x00000000e0000000,0x00000000e0000000,0x00000000f3880000)
  from space 52736K, 62% used [0x00000000f3880000,0x00000000f58eb3d0,0x00000000f6c00000)
  to   space 48640K, 0% used [0x00000000f9080000,0x00000000f9080000,0x00000000fc000000)
 ParOldGen       total 167936K, used 60801K [0x00000000a0000000, 0x00000000aa400000, 0x00000000e0000000)
  object space 167936K, 36% used [0x00000000a0000000,0x00000000a3b60640,0x00000000aa400000)
 Metaspace       used 105796K, capacity 113828K, committed 114008K, reserved 1148928K
  class space    used 13283K, capacity 14616K, committed 14720K, reserved 1048576K
}

Deoptimization events (10 events):
Event: 13942.350 Thread 0x00000000186a4800 Uncommon trap: reason=unloaded action=reinterpret pc=0x000000000585a1fc method=com.android.tools.r8.ir.conversion.IRBuilder.a(ILcom/android/tools/r8/ir/code/k0;Lcom/android/tools/r8/ir/code/BasicBlock;Lcom/android/tools/r8/ir/code/BasicBlock$c;Lcom/androi
Event: 13942.471 Thread 0x00000000186a4800 Uncommon trap: reason=unstable_if action=reinterpret pc=0x00000000079a784c method=com.android.tools.r8.ir.analysis.g.e.b(Lcom/android/tools/r8/ir/code/Instruction;)V @ 11
Event: 13943.036 Thread 0x00000000186a6000 Uncommon trap: reason=unstable_if action=reinterpret pc=0x00000000073817d4 method=com.android.tools.r8.ir.regalloc.a.a(ILcom/android/tools/r8/ir/regalloc/a$a;)Z @ 73
Event: 13943.135 Thread 0x00000000186a5800 Uncommon trap: reason=array_check action=maybe_recompile pc=0x0000000007d10f78 method=java.util.TimSort.mergeHi(IIII)V @ 524
Event: 13943.201 Thread 0x00000000186a4800 Uncommon trap: reason=unstable_if action=reinterpret pc=0x000000000745370c method=org.gradle.api.internal.changedetection.state.GlobalScopeFileTimeStampInspector.timestampCanBeUsedToDetectFileChange(Ljava/lang/String;J)Z @ 14
Event: 13944.008 Thread 0x00000000186a4800 Uncommon trap: reason=array_check action=maybe_recompile pc=0x0000000007d10f78 method=java.util.TimSort.mergeHi(IIII)V @ 524
Event: 13944.010 Thread 0x00000000186a4800 Uncommon trap: reason=unstable_if action=reinterpret pc=0x00000000051706cc method=java.util.TimSort.countRunAndMakeAscending([Ljava/lang/Object;IILjava/util/Comparator;)I @ 27
Event: 13944.392 Thread 0x00000000165a8800 Uncommon trap: reason=unstable_if action=reinterpret pc=0x0000000003998a78 method=java.util.WeakHashMap.expungeStaleEntries()V @ 53
Event: 13944.622 Thread 0x00000000186a5800 Uncommon trap: reason=class_check action=maybe_recompile pc=0x0000000007458774 method=com.android.tools.r8.ir.conversion.U.a(Lcom/android/tools/r8/ir/conversion/T;)Z @ 4
Event: 13944.707 Thread 0x00000000186a4800 Uncommon trap: reason=unstable_if action=reinterpret pc=0x00000000075beac4 method=com.android.tools.r8.n.a.a.a.g.B0$e.contains(Ljava/lang/Object;)Z @ 124

Classes redefined (0 events):
No events

Internal exceptions (10 events):
Event: 13944.608 Thread 0x000000001c15e000 Exception <a 'sun/nio/fs/WindowsException'> (0x00000000e531ca18) thrown at [D:\src\AOSP-openjdk-cygwin\jdk8u\hotspot\src\share\vm\prims\jni.cpp, line 710]
Event: 13944.806 Thread 0x00000000186a4800 Exception <a 'sun/nio/fs/WindowsException'> (0x00000000e7e90eb0) thrown at [D:\src\AOSP-openjdk-cygwin\jdk8u\hotspot\src\share\vm\prims\jni.cpp, line 710]
Event: 13944.848 Thread 0x00000000186a6000 Exception <a 'sun/nio/fs/WindowsException'> (0x00000000e23cdca0) thrown at [D:\src\AOSP-openjdk-cygwin\jdk8u\hotspot\src\share\vm\prims\jni.cpp, line 710]
Event: 13944.867 Thread 0x000000001c15e000 Exception <a 'sun/nio/fs/WindowsException'> (0x00000000e53b20d0) thrown at [D:\src\AOSP-openjdk-cygwin\jdk8u\hotspot\src\share\vm\prims\jni.cpp, line 710]
Event: 13944.987 Thread 0x00000000186a4800 Exception <a 'sun/nio/fs/WindowsException'> (0x00000000eb8b6b38) thrown at [D:\src\AOSP-openjdk-cygwin\jdk8u\hotspot\src\share\vm\prims\jni.cpp, line 710]
Event: 13945.078 Thread 0x00000000186a6000 Exception <a 'sun/nio/fs/WindowsException'> (0x00000000edba08d0) thrown at [D:\src\AOSP-openjdk-cygwin\jdk8u\hotspot\src\share\vm\prims\jni.cpp, line 710]
Event: 13945.125 Thread 0x000000001c15e000 Exception <a 'sun/nio/fs/WindowsException'> (0x00000000ee7a2220) thrown at [D:\src\AOSP-openjdk-cygwin\jdk8u\hotspot\src\share\vm\prims\jni.cpp, line 710]
Event: 13945.309 Thread 0x00000000186a6000 Exception <a 'sun/nio/fs/WindowsException'> (0x00000000edc659f8) thrown at [D:\src\AOSP-openjdk-cygwin\jdk8u\hotspot\src\share\vm\prims\jni.cpp, line 710]
Event: 13945.329 Thread 0x000000001c15e000 Exception <a 'sun/nio/fs/WindowsException'> (0x00000000f1446740) thrown at [D:\src\AOSP-openjdk-cygwin\jdk8u\hotspot\src\share\vm\prims\jni.cpp, line 710]
Event: 13945.489 Thread 0x00000000186a4800 Exception <a 'sun/nio/fs/WindowsException'> (0x00000000e0e84ac8) thrown at [D:\src\AOSP-openjdk-cygwin\jdk8u\hotspot\src\share\vm\prims\jni.cpp, line 710]

Events (10 events):
Event: 13945.549 Thread 0x00000000186a6000 DEOPT UNPACKING pc=0x0000000002c975d0 sp=0x0000000055ebcb78 mode 0
Event: 13945.557 Thread 0x00000000186a6000 DEOPT PACKING pc=0x0000000005884738 sp=0x0000000055ebcd50
Event: 13945.557 Thread 0x00000000186a6000 DEOPT UNPACKING pc=0x0000000002c975d0 sp=0x0000000055ebcb78 mode 0
Event: 13945.573 Thread 0x0000000017e20800 flushing nmethod 0x0000000007564190
Event: 13945.573 Thread 0x00000000186a5800 DEOPT PACKING pc=0x000000000730a320 sp=0x0000000055dbc9c0
Event: 13945.573 Thread 0x00000000186a5800 DEOPT UNPACKING pc=0x0000000002c975d0 sp=0x0000000055dbc760 mode 0
Event: 13945.581 Thread 0x000000001c15e000 DEOPT PACKING pc=0x00000000057621ba sp=0x0000000054eba1b0
Event: 13945.581 Thread 0x000000001c15e000 DEOPT UNPACKING pc=0x0000000002c975d0 sp=0x0000000054eba0f0 mode 0
Event: 13945.608 Thread 0x00000000186a5800 DEOPT PACKING pc=0x0000000007507d08 sp=0x0000000055dbc180
Event: 13945.608 Thread 0x00000000186a5800 DEOPT UNPACKING pc=0x0000000002c975d0 sp=0x0000000055dbbf48 mode 0


Dynamic libraries:
0x00007ff7cccf0000 - 0x00007ff7ccd21000 	C:\Program Files\Android\Android Studio\jre\bin\java.exe
0x00007ffff4290000 - 0x00007ffff447d000 	C:\WINDOWS\SYSTEM32\ntdll.dll
0x00007fffd09b0000 - 0x00007fffd09c4000 	C:\Program Files\AVAST Software\Avast\aswhook.dll
0x00007ffff40f0000 - 0x00007ffff41a3000 	C:\WINDOWS\System32\KERNEL32.DLL
0x00007ffff07e0000 - 0x00007ffff0a73000 	C:\WINDOWS\System32\KERNELBASE.dll
0x00007ffff41b0000 - 0x00007ffff4253000 	C:\WINDOWS\System32\ADVAPI32.dll
0x00007ffff23f0000 - 0x00007ffff248e000 	C:\WINDOWS\System32\msvcrt.dll
0x00007ffff18d0000 - 0x00007ffff196e000 	C:\WINDOWS\System32\sechost.dll
0x00007ffff2580000 - 0x00007ffff26a2000 	C:\WINDOWS\System32\RPCRT4.dll
0x00007ffff1700000 - 0x00007ffff1897000 	C:\WINDOWS\System32\USER32.dll
0x00007ffff0a80000 - 0x00007ffff0aa0000 	C:\WINDOWS\System32\win32u.dll
0x00007ffff2840000 - 0x00007ffff2869000 	C:\WINDOWS\System32\GDI32.dll
0x00007ffff13f0000 - 0x00007ffff1589000 	C:\WINDOWS\System32\gdi32full.dll
0x00007ffff1350000 - 0x00007ffff13f0000 	C:\WINDOWS\System32\msvcp_win.dll
0x00007ffff0430000 - 0x00007ffff052a000 	C:\WINDOWS\System32\ucrtbase.dll
0x00007fffd2700000 - 0x00007fffd2979000 	C:\WINDOWS\WinSxS\amd64_microsoft.windows.common-controls_6595b64144ccf1df_6.0.17763.864_none_05b3441807210760\COMCTL32.dll
0x00007ffff1970000 - 0x00007ffff1c9c000 	C:\WINDOWS\System32\combase.dll
0x00007ffff0760000 - 0x00007ffff07de000 	C:\WINDOWS\System32\bcryptPrimitives.dll
0x00007ffff18a0000 - 0x00007ffff18ce000 	C:\WINDOWS\System32\IMM32.DLL
0x000000006d5f0000 - 0x000000006d6c2000 	C:\Program Files\Android\Android Studio\jre\jre\bin\msvcr100.dll
0x000000006d6d0000 - 0x000000006df16000 	C:\Program Files\Android\Android Studio\jre\jre\bin\server\jvm.dll
0x00007ffff3d70000 - 0x00007ffff3d78000 	C:\WINDOWS\System32\PSAPI.DLL
0x00007fffe0db0000 - 0x00007fffe0db9000 	C:\WINDOWS\SYSTEM32\WSOCK32.dll
0x00007ffff2510000 - 0x00007ffff257d000 	C:\WINDOWS\System32\WS2_32.dll
0x00007fffee670000 - 0x00007fffee694000 	C:\WINDOWS\SYSTEM32\WINMM.dll
0x00007fffec070000 - 0x00007fffec07a000 	C:\WINDOWS\SYSTEM32\VERSION.dll
0x00007fffee530000 - 0x00007fffee55d000 	C:\WINDOWS\SYSTEM32\WINMMBASE.dll
0x00007ffff0530000 - 0x00007ffff057a000 	C:\WINDOWS\System32\cfgmgr32.dll
0x00007fffed830000 - 0x00007fffed83f000 	C:\Program Files\Android\Android Studio\jre\jre\bin\verify.dll
0x00007fffe8160000 - 0x00007fffe8189000 	C:\Program Files\Android\Android Studio\jre\jre\bin\java.dll
0x00007fffe95e0000 - 0x00007fffe95f6000 	C:\Program Files\Android\Android Studio\jre\jre\bin\zip.dll
0x00007ffff2870000 - 0x00007ffff3d64000 	C:\WINDOWS\System32\SHELL32.dll
0x00007ffff2790000 - 0x00007ffff2838000 	C:\WINDOWS\System32\shcore.dll
0x00007ffff0b30000 - 0x00007ffff127d000 	C:\WINDOWS\System32\windows.storage.dll
0x00007ffff03a0000 - 0x00007ffff03c4000 	C:\WINDOWS\System32\profapi.dll
0x00007ffff03d0000 - 0x00007ffff042d000 	C:\WINDOWS\System32\powrprof.dll
0x00007ffff2490000 - 0x00007ffff24e2000 	C:\WINDOWS\System32\shlwapi.dll
0x00007ffff0380000 - 0x00007ffff0391000 	C:\WINDOWS\System32\kernel.appcore.dll
0x00007ffff1280000 - 0x00007ffff1297000 	C:\WINDOWS\System32\cryptsp.dll
0x00007fffe7e50000 - 0x00007fffe7e6a000 	C:\Program Files\Android\Android Studio\jre\jre\bin\net.dll
0x00007fffefb70000 - 0x00007fffefbd7000 	C:\WINDOWS\system32\mswsock.dll
0x00007fffe7c20000 - 0x00007fffe7c31000 	C:\Program Files\Android\Android Studio\jre\jre\bin\nio.dll
0x00007fffd00f0000 - 0x00007fffd0116000 	C:\Users\Java\.gradle\native\29\windows-amd64\native-platform.dll
0x00007fffed7c0000 - 0x00007fffed7cd000 	C:\Program Files\Android\Android Studio\jre\jre\bin\management.dll
0x00007fffef6f0000 - 0x00007fffef723000 	C:\WINDOWS\system32\rsaenh.dll
0x00007ffff0b00000 - 0x00007ffff0b26000 	C:\WINDOWS\System32\bcrypt.dll
0x00007ffff0260000 - 0x00007ffff0288000 	C:\WINDOWS\SYSTEM32\USERENV.dll
0x00007fffefd40000 - 0x00007fffefd4c000 	C:\WINDOWS\SYSTEM32\CRYPTBASE.dll
0x00007fffef890000 - 0x00007fffef8cd000 	C:\WINDOWS\SYSTEM32\IPHLPAPI.DLL
0x00007ffff3ee0000 - 0x00007ffff3ee8000 	C:\WINDOWS\System32\NSI.dll
0x00007fffec770000 - 0x00007fffec786000 	C:\WINDOWS\SYSTEM32\dhcpcsvc6.DLL
0x00007fffe9e10000 - 0x00007fffe9e2c000 	C:\WINDOWS\SYSTEM32\dhcpcsvc.DLL
0x00007fffef8d0000 - 0x00007fffef996000 	C:\WINDOWS\SYSTEM32\DNSAPI.dll
0x00007fffd9ee0000 - 0x00007fffd9f04000 	C:\Program Files\Android\Android Studio\jre\jre\bin\sunec.dll
0x00007fffe5680000 - 0x00007fffe568a000 	C:\Windows\System32\rasadhlp.dll
0x00007fffe5af0000 - 0x00007fffe5b69000 	C:\WINDOWS\System32\fwpuclnt.dll
0x00007fffec250000 - 0x00007fffec25b000 	C:\Program Files\Android\Android Studio\jre\jre\bin\sunmscapi.dll
0x00007ffff0580000 - 0x00007ffff075b000 	C:\WINDOWS\System32\CRYPT32.dll
0x00007ffff0360000 - 0x00007ffff0372000 	C:\WINDOWS\System32\MSASN1.dll

VM Arguments:
jvm_args: -Xmx1536m -Dfile.encoding=windows-1252 -Duser.country=US -Duser.language=en -Duser.variant 
java_command: org.gradle.launcher.daemon.bootstrap.GradleDaemon 5.4.1
java_class_path (initial): C:\Users\Java\.gradle\wrapper\dists\gradle-5.4.1-all\3221gyojl5jsh0helicew7rwx\gradle-5.4.1\lib\gradle-launcher-5.4.1.jar
Launcher Type: SUN_STANDARD

Environment Variables:
PATH=E:\app\pc9lab2\product\11.2.0\dbhome_1\bin;C:\ProgramData\Oracle\Java\javapath;C:\WINDOWS\system32;C:\WINDOWS;C:\WINDOWS\System32\Wbem;C:\WINDOWS\System32\WindowsPowerShell\v1.0\;C:\Program Files\Microsoft SQL Server\Client SDK\ODBC\130\Tools\Binn\;C:\Program Files (x86)\Microsoft SQL Server\130\Tools\Binn\;C:\Program Files\Microsoft SQL Server\130\Tools\Binn\;C:\Program Files\Microsoft SQL Server\130\DTS\Binn\;C:\Program Files\Microsoft SQL Server\110\Tools\Binn\;C:\Program Files (x86)\Microsoft SQL Server\110\Tools\Binn\ManagementStudio\;C:\Program Files (x86)\Microsoft SQL Server\110\Tools\Binn\;C:\Program Files (x86)\Microsoft SQL Server\110\DTS\Binn\;C:\Program Files\Git\cmd;C:\WINDOWS\System32\OpenSSH\;C:\Program Files (x86)\Microsoft SQL Server\Client SDK\ODBC\130\Tools\Binn\;C:\Program Files (x86)\Microsoft SQL Server\130\DTS\Binn\;C:\Program Files (x86)\Microsoft SQL Server\130\Tools\Binn\ManagementStudio\;C:\Program Files\dotnet\;C:\Program Files\nodejs\;C:\Users\Java\AppData\Local\Microsoft\WindowsApps;C:\Users\Java\AppData\Roaming\npm;C:\Users\Java\AppData\Local\Programs\Microsoft VS Code\bin
USERNAME=Java
OS=Windows_NT
PROCESSOR_IDENTIFIER=Intel64 Family 6 Model 158 Stepping 9, GenuineIntel



---------------  S Y S T E M  ---------------

OS: Windows 10.0 , 64 bit Build 17763 (10.0.17763.475)

CPU:total 4 (initial active 4) (4 cores per cpu, 1 threads per core) family 6 model 158 stepping 9, cmov, cx8, fxsr, mmx, sse, sse2, sse3, ssse3, sse4.1, sse4.2, popcnt, avx, avx2, aes, clmul, erms, rtm, 3dnowpref, lzcnt, tsc, tscinvbit, bmi1, bmi2, adx

Memory: 4k page, physical 8273836k(266220k free), swap 10224556k(5676k free)

vm_info: OpenJDK 64-Bit Server VM (25.202-b03) for windows-amd64 JRE (1.8.0_202-release-1483-b03), built by "builder" with MS VC++ 10.0 (VS2010)

time: Wed Nov 20 18:43:32 2019
timezone: Central Asia Standard Time
elapsed time: 13945 seconds (0d 3h 52m 25s)

